{"/mnt/d/development/JefersonCV/choco/packages/algorithm-persistent/src/models/code.js": {"path":"/mnt/d/development/JefersonCV/choco/packages/algorithm-persistent/src/models/code.js","statementMap":{},"fnMap":{},"branchMap":{},"s":{},"f":{},"b":{},"_coverageSchema":"1a1c01bbd47fc00a2c39e90264f33305004495a9","hash":"1fad52947606063b09ae3b45bb69a689936b1ad5"}
,"/mnt/d/development/JefersonCV/choco/packages/algorithm-persistent/src/models/project.js": {"path":"/mnt/d/development/JefersonCV/choco/packages/algorithm-persistent/src/models/project.js","statementMap":{},"fnMap":{},"branchMap":{},"s":{},"f":{},"b":{},"_coverageSchema":"1a1c01bbd47fc00a2c39e90264f33305004495a9","hash":"97801c6fdf08b44fa8acae9fba63098e3d19a3e9"}
,"/mnt/d/development/JefersonCV/choco/packages/algorithm-transpiler/src/vector.js": {"path":"/mnt/d/development/JefersonCV/choco/packages/algorithm-transpiler/src/vector.js","statementMap":{"0":{"start":{"line":13,"column":4},"end":{"line":13,"column":95}},"1":{"start":{"line":13,"column":47},"end":{"line":13,"column":95}},"2":{"start":{"line":16,"column":4},"end":{"line":16,"column":20}},"3":{"start":{"line":19,"column":4},"end":{"line":19,"column":19}},"4":{"start":{"line":29,"column":21},"end":{"line":29,"column":30}},"5":{"start":{"line":30,"column":4},"end":{"line":30,"column":67}},"6":{"start":{"line":30,"column":25},"end":{"line":30,"column":67}},"7":{"start":{"line":31,"column":4},"end":{"line":32,"column":49}},"8":{"start":{"line":31,"column":47},"end":{"line":31,"column":75}},"9":{"start":{"line":32,"column":9},"end":{"line":32,"column":49}},"10":{"start":{"line":42,"column":18},"end":{"line":42,"column":27}},"11":{"start":{"line":43,"column":4},"end":{"line":43,"column":65}},"12":{"start":{"line":43,"column":41},"end":{"line":43,"column":65}},"13":{"start":{"line":44,"column":4},"end":{"line":44,"column":46}},"14":{"start":{"line":55,"column":4},"end":{"line":79,"column":5}},"15":{"start":{"line":60,"column":22},"end":{"line":60,"column":44}},"16":{"start":{"line":66,"column":18},"end":{"line":66,"column":34}},"17":{"start":{"line":72,"column":22},"end":{"line":72,"column":38}},"18":{"start":{"line":78,"column":22},"end":{"line":78,"column":26}}},"fnMap":{"0":{"name":"(anonymous_0)","decl":{"start":{"line":12,"column":2},"end":{"line":12,"column":3}},"loc":{"start":{"line":12,"column":20},"end":{"line":20,"column":3}},"line":12},"1":{"name":"(anonymous_1)","decl":{"start":{"line":28,"column":2},"end":{"line":28,"column":3}},"loc":{"start":{"line":28,"column":20},"end":{"line":33,"column":3}},"line":28},"2":{"name":"(anonymous_2)","decl":{"start":{"line":41,"column":2},"end":{"line":41,"column":3}},"loc":{"start":{"line":41,"column":14},"end":{"line":45,"column":3}},"line":41},"3":{"name":"(anonymous_3)","decl":{"start":{"line":54,"column":2},"end":{"line":54,"column":3}},"loc":{"start":{"line":54,"column":12},"end":{"line":80,"column":3}},"line":54},"4":{"name":"(anonymous_4)","decl":{"start":{"line":60,"column":11},"end":{"line":60,"column":12}},"loc":{"start":{"line":60,"column":22},"end":{"line":60,"column":44}},"line":60},"5":{"name":"(anonymous_5)","decl":{"start":{"line":66,"column":12},"end":{"line":66,"column":13}},"loc":{"start":{"line":66,"column":18},"end":{"line":66,"column":34}},"line":66},"6":{"name":"(anonymous_6)","decl":{"start":{"line":72,"column":16},"end":{"line":72,"column":17}},"loc":{"start":{"line":72,"column":22},"end":{"line":72,"column":38}},"line":72},"7":{"name":"(anonymous_7)","decl":{"start":{"line":78,"column":16},"end":{"line":78,"column":17}},"loc":{"start":{"line":78,"column":22},"end":{"line":78,"column":26}},"line":78}},"branchMap":{"0":{"loc":{"start":{"line":13,"column":4},"end":{"line":13,"column":95}},"type":"if","locations":[{"start":{"line":13,"column":4},"end":{"line":13,"column":95}},{"start":{"line":13,"column":4},"end":{"line":13,"column":95}}],"line":13},"1":{"loc":{"start":{"line":13,"column":8},"end":{"line":13,"column":45}},"type":"binary-expr","locations":[{"start":{"line":13,"column":8},"end":{"line":13,"column":17}},{"start":{"line":13,"column":21},"end":{"line":13,"column":45}}],"line":13},"2":{"loc":{"start":{"line":30,"column":4},"end":{"line":30,"column":67}},"type":"if","locations":[{"start":{"line":30,"column":4},"end":{"line":30,"column":67}},{"start":{"line":30,"column":4},"end":{"line":30,"column":67}}],"line":30},"3":{"loc":{"start":{"line":31,"column":4},"end":{"line":32,"column":49}},"type":"if","locations":[{"start":{"line":31,"column":4},"end":{"line":32,"column":49}},{"start":{"line":31,"column":4},"end":{"line":32,"column":49}}],"line":31},"4":{"loc":{"start":{"line":31,"column":8},"end":{"line":31,"column":45}},"type":"binary-expr","locations":[{"start":{"line":31,"column":8},"end":{"line":31,"column":28}},{"start":{"line":31,"column":32},"end":{"line":31,"column":45}}],"line":31},"5":{"loc":{"start":{"line":43,"column":4},"end":{"line":43,"column":65}},"type":"if","locations":[{"start":{"line":43,"column":4},"end":{"line":43,"column":65}},{"start":{"line":43,"column":4},"end":{"line":43,"column":65}}],"line":43},"6":{"loc":{"start":{"line":43,"column":8},"end":{"line":43,"column":39}},"type":"binary-expr","locations":[{"start":{"line":43,"column":8},"end":{"line":43,"column":25}},{"start":{"line":43,"column":29},"end":{"line":43,"column":39}}],"line":43}},"s":{"0":0,"1":0,"2":0,"3":0,"4":0,"5":0,"6":0,"7":0,"8":0,"9":0,"10":0,"11":0,"12":0,"13":0,"14":0,"15":0,"16":0,"17":0,"18":0},"f":{"0":0,"1":0,"2":0,"3":0,"4":0,"5":0,"6":0,"7":0},"b":{"0":[0,0],"1":[0,0],"2":[0,0],"3":[0,0],"4":[0,0],"5":[0,0],"6":[0,0]},"_coverageSchema":"1a1c01bbd47fc00a2c39e90264f33305004495a9","hash":"b16f42819d40e4544ec105bc5de2771f5e72581a"}
,"/mnt/d/development/JefersonCV/choco/packages/algorithm/actions/index.js": {"path":"/mnt/d/development/JefersonCV/choco/packages/algorithm/actions/index.js","statementMap":{},"fnMap":{},"branchMap":{},"s":{},"f":{},"b":{},"_coverageSchema":"1a1c01bbd47fc00a2c39e90264f33305004495a9","hash":"4b597ac48c4d4a7c7ed1116e894c87f64bb8dfd8"}
,"/mnt/d/development/JefersonCV/choco/packages/algorithm/actions/tabs.js": {"path":"/mnt/d/development/JefersonCV/choco/packages/algorithm/actions/tabs.js","statementMap":{"0":{"start":{"line":26,"column":28},"end":{"line":28,"column":2}},"1":{"start":{"line":26,"column":35},"end":{"line":28,"column":1}},"2":{"start":{"line":38,"column":31},"end":{"line":41,"column":2}},"3":{"start":{"line":38,"column":40},"end":{"line":41,"column":1}},"4":{"start":{"line":51,"column":31},"end":{"line":54,"column":2}},"5":{"start":{"line":51,"column":40},"end":{"line":54,"column":1}},"6":{"start":{"line":65,"column":29},"end":{"line":69,"column":2}},"7":{"start":{"line":65,"column":47},"end":{"line":69,"column":1}},"8":{"start":{"line":78,"column":34},"end":{"line":80,"column":2}},"9":{"start":{"line":78,"column":41},"end":{"line":80,"column":1}}},"fnMap":{"0":{"name":"(anonymous_0)","decl":{"start":{"line":26,"column":28},"end":{"line":26,"column":29}},"loc":{"start":{"line":26,"column":35},"end":{"line":28,"column":1}},"line":26},"1":{"name":"(anonymous_1)","decl":{"start":{"line":38,"column":31},"end":{"line":38,"column":32}},"loc":{"start":{"line":38,"column":40},"end":{"line":41,"column":1}},"line":38},"2":{"name":"(anonymous_2)","decl":{"start":{"line":51,"column":31},"end":{"line":51,"column":32}},"loc":{"start":{"line":51,"column":40},"end":{"line":54,"column":1}},"line":51},"3":{"name":"(anonymous_3)","decl":{"start":{"line":65,"column":29},"end":{"line":65,"column":30}},"loc":{"start":{"line":65,"column":47},"end":{"line":69,"column":1}},"line":65},"4":{"name":"(anonymous_4)","decl":{"start":{"line":78,"column":34},"end":{"line":78,"column":35}},"loc":{"start":{"line":78,"column":41},"end":{"line":80,"column":1}},"line":78}},"branchMap":{},"s":{"0":2,"1":2,"2":2,"3":4,"4":2,"5":4,"6":2,"7":4,"8":2,"9":2},"f":{"0":2,"1":4,"2":4,"3":4,"4":2},"b":{},"_coverageSchema":"1a1c01bbd47fc00a2c39e90264f33305004495a9","hash":"2ee4eb811cef93128a5b19d372a2318b8b738c1d"}
,"/mnt/d/development/JefersonCV/choco/packages/algorithm/actions/variables.js": {"path":"/mnt/d/development/JefersonCV/choco/packages/algorithm/actions/variables.js","statementMap":{"0":{"start":{"line":16,"column":28},"end":{"line":20,"column":2}},"1":{"start":{"line":16,"column":44},"end":{"line":20,"column":1}},"2":{"start":{"line":34,"column":30},"end":{"line":36,"column":2}},"3":{"start":{"line":34,"column":37},"end":{"line":36,"column":1}}},"fnMap":{"0":{"name":"(anonymous_0)","decl":{"start":{"line":16,"column":28},"end":{"line":16,"column":29}},"loc":{"start":{"line":16,"column":44},"end":{"line":20,"column":1}},"line":16},"1":{"name":"(anonymous_1)","decl":{"start":{"line":34,"column":30},"end":{"line":34,"column":31}},"loc":{"start":{"line":34,"column":37},"end":{"line":36,"column":1}},"line":34}},"branchMap":{},"s":{"0":3,"1":7,"2":3,"3":3},"f":{"0":7,"1":3},"b":{},"_coverageSchema":"1a1c01bbd47fc00a2c39e90264f33305004495a9","hash":"f28e828d998559f037c27aed369d9210c46e35a7"}
,"/mnt/d/development/JefersonCV/choco/packages/algorithm/globals/routes.js": {"path":"/mnt/d/development/JefersonCV/choco/packages/algorithm/globals/routes.js","statementMap":{"0":{"start":{"line":1,"column":25},"end":{"line":1,"column":28}},"1":{"start":{"line":2,"column":25},"end":{"line":2,"column":32}},"2":{"start":{"line":3,"column":28},"end":{"line":3,"column":38}}},"fnMap":{},"branchMap":{},"s":{"0":1,"1":1,"2":1},"f":{},"b":{},"_coverageSchema":"1a1c01bbd47fc00a2c39e90264f33305004495a9","hash":"e204351b5422750de02750144489d54542f78451"}
,"/mnt/d/development/JefersonCV/choco/packages/algorithm/reducers/variables.js": {"path":"/mnt/d/development/JefersonCV/choco/packages/algorithm/reducers/variables.js","statementMap":{"0":{"start":{"line":14,"column":2},"end":{"line":23,"column":3}},"1":{"start":{"line":16,"column":6},"end":{"line":16,"column":61}},"2":{"start":{"line":19,"column":6},"end":{"line":19,"column":15}},"3":{"start":{"line":22,"column":6},"end":{"line":22,"column":18}}},"fnMap":{"0":{"name":"reducer","decl":{"start":{"line":13,"column":24},"end":{"line":13,"column":31}},"loc":{"start":{"line":13,"column":52},"end":{"line":24,"column":1}},"line":13}},"branchMap":{"0":{"loc":{"start":{"line":13,"column":32},"end":{"line":13,"column":42}},"type":"default-arg","locations":[{"start":{"line":13,"column":40},"end":{"line":13,"column":42}}],"line":13},"1":{"loc":{"start":{"line":14,"column":2},"end":{"line":23,"column":3}},"type":"switch","locations":[{"start":{"line":15,"column":4},"end":{"line":16,"column":61}},{"start":{"line":18,"column":4},"end":{"line":19,"column":15}},{"start":{"line":21,"column":4},"end":{"line":22,"column":18}}],"line":14}},"s":{"0":6,"1":3,"2":1,"3":2},"f":{"0":6},"b":{"0":[1],"1":[3,1,2]},"_coverageSchema":"1a1c01bbd47fc00a2c39e90264f33305004495a9","hash":"b40ca797ab6a43702ab757a9780a5ca047f42b80"}
,"/mnt/d/development/JefersonCV/choco/packages/components/src/Loading.js": {"path":"/mnt/d/development/JefersonCV/choco/packages/components/src/Loading.js","statementMap":{"0":{"start":{"line":17,"column":2},"end":{"line":21,"column":3}},"1":{"start":{"line":23,"column":0},"end":{"line":26,"column":1}},"2":{"start":{"line":28,"column":22},"end":{"line":35,"column":1}},"3":{"start":{"line":34,"column":29},"end":{"line":34,"column":41}}},"fnMap":{"0":{"name":"Loading","decl":{"start":{"line":16,"column":9},"end":{"line":16,"column":16}},"loc":{"start":{"line":16,"column":39},"end":{"line":22,"column":1}},"line":16},"1":{"name":"(anonymous_1)","decl":{"start":{"line":34,"column":22},"end":{"line":34,"column":23}},"loc":{"start":{"line":34,"column":29},"end":{"line":34,"column":41}},"line":34}},"branchMap":{},"s":{"0":0,"1":1,"2":1,"3":0},"f":{"0":0,"1":0},"b":{},"_coverageSchema":"1a1c01bbd47fc00a2c39e90264f33305004495a9","hash":"0b87cb6d6819c43cf3578241faf5f488a10968dd"}
,"/mnt/d/development/JefersonCV/choco/packages/css-utils/src/css-utils.js": {"path":"/mnt/d/development/JefersonCV/choco/packages/css-utils/src/css-utils.js","statementMap":{"0":{"start":{"line":8,"column":19},"end":{"line":8,"column":68}},"1":{"start":{"line":9,"column":2},"end":{"line":10,"column":31}},"2":{"start":{"line":21,"column":19},"end":{"line":21,"column":68}},"3":{"start":{"line":22,"column":2},"end":{"line":22,"column":61}},"4":{"start":{"line":31,"column":2},"end":{"line":31,"column":66}},"5":{"start":{"line":31,"column":42},"end":{"line":31,"column":63}}},"fnMap":{"0":{"name":"getVar","decl":{"start":{"line":7,"column":16},"end":{"line":7,"column":22}},"loc":{"start":{"line":7,"column":43},"end":{"line":11,"column":1}},"line":7},"1":{"name":"setVar","decl":{"start":{"line":20,"column":16},"end":{"line":20,"column":22}},"loc":{"start":{"line":20,"column":50},"end":{"line":23,"column":1}},"line":20},"2":{"name":"camelCaseToCssVariable","decl":{"start":{"line":30,"column":16},"end":{"line":30,"column":38}},"loc":{"start":{"line":30,"column":42},"end":{"line":32,"column":1}},"line":30},"3":{"name":"(anonymous_3)","decl":{"start":{"line":31,"column":35},"end":{"line":31,"column":36}},"loc":{"start":{"line":31,"column":42},"end":{"line":31,"column":63}},"line":31}},"branchMap":{"0":{"loc":{"start":{"line":8,"column":19},"end":{"line":8,"column":68}},"type":"cond-expr","locations":[{"start":{"line":8,"column":35},"end":{"line":8,"column":62}},{"start":{"line":8,"column":65},"end":{"line":8,"column":68}}],"line":8},"1":{"loc":{"start":{"line":21,"column":19},"end":{"line":21,"column":68}},"type":"cond-expr","locations":[{"start":{"line":21,"column":35},"end":{"line":21,"column":62}},{"start":{"line":21,"column":65},"end":{"line":21,"column":68}}],"line":21}},"s":{"0":1,"1":1,"2":0,"3":0,"4":0,"5":0},"f":{"0":1,"1":0,"2":0,"3":0},"b":{"0":[0,1],"1":[0,0]},"_coverageSchema":"1a1c01bbd47fc00a2c39e90264f33305004495a9","hash":"4728aee15843f6a31a79aef05eab79cce4c1e32b"}
,"/mnt/d/development/JefersonCV/choco/packages/env/src/index.js": {"path":"/mnt/d/development/JefersonCV/choco/packages/env/src/index.js","statementMap":{"0":{"start":{"line":10,"column":0},"end":{"line":10,"column":77}}},"fnMap":{},"branchMap":{},"s":{"0":1},"f":{},"b":{},"_coverageSchema":"1a1c01bbd47fc00a2c39e90264f33305004495a9","hash":"7277c3463fb5638a41b2350147f0018c15af01e1"}
,"/mnt/d/development/JefersonCV/choco/packages/i18n/src/index.js": {"path":"/mnt/d/development/JefersonCV/choco/packages/i18n/src/index.js","statementMap":{"0":{"start":{"line":1,"column":14},"end":{"line":1,"column":16}},"1":{"start":{"line":9,"column":11},"end":{"line":9,"column":15}},"2":{"start":{"line":10,"column":13},"end":{"line":10,"column":15}},"3":{"start":{"line":12,"column":0},"end":{"line":17,"column":1}},"4":{"start":{"line":13,"column":2},"end":{"line":13,"column":63}},"5":{"start":{"line":29,"column":2},"end":{"line":29,"column":15}},"6":{"start":{"line":42,"column":2},"end":{"line":42,"column":50}},"7":{"start":{"line":55,"column":2},"end":{"line":55,"column":60}},"8":{"start":{"line":70,"column":2},"end":{"line":70,"column":36}},"9":{"start":{"line":70,"column":20},"end":{"line":70,"column":36}},"10":{"start":{"line":71,"column":2},"end":{"line":71,"column":26}}},"fnMap":{"0":{"name":"setLang","decl":{"start":{"line":28,"column":16},"end":{"line":28,"column":23}},"loc":{"start":{"line":28,"column":30},"end":{"line":30,"column":1}},"line":28},"1":{"name":"all","decl":{"start":{"line":41,"column":16},"end":{"line":41,"column":19}},"loc":{"start":{"line":41,"column":22},"end":{"line":43,"column":1}},"line":41},"2":{"name":"one","decl":{"start":{"line":54,"column":16},"end":{"line":54,"column":19}},"loc":{"start":{"line":54,"column":25},"end":{"line":56,"column":1}},"line":54},"3":{"name":"set","decl":{"start":{"line":69,"column":16},"end":{"line":69,"column":19}},"loc":{"start":{"line":69,"column":38},"end":{"line":72,"column":1}},"line":69}},"branchMap":{"0":{"loc":{"start":{"line":13,"column":11},"end":{"line":13,"column":63}},"type":"cond-expr","locations":[{"start":{"line":13,"column":20},"end":{"line":13,"column":58}},{"start":{"line":13,"column":61},"end":{"line":13,"column":63}}],"line":13},"1":{"loc":{"start":{"line":42,"column":9},"end":{"line":42,"column":50}},"type":"cond-expr","locations":[{"start":{"line":42,"column":25},"end":{"line":42,"column":38}},{"start":{"line":42,"column":41},"end":{"line":42,"column":50}}],"line":42},"2":{"loc":{"start":{"line":55,"column":9},"end":{"line":55,"column":60}},"type":"cond-expr","locations":[{"start":{"line":55,"column":25},"end":{"line":55,"column":43}},{"start":{"line":55,"column":46},"end":{"line":55,"column":60}}],"line":55},"3":{"loc":{"start":{"line":70,"column":2},"end":{"line":70,"column":36}},"type":"if","locations":[{"start":{"line":70,"column":2},"end":{"line":70,"column":36}},{"start":{"line":70,"column":2},"end":{"line":70,"column":36}}],"line":70}},"s":{"0":1,"1":1,"2":1,"3":1,"4":1,"5":2,"6":2,"7":4,"8":4,"9":2,"10":4},"f":{"0":2,"1":2,"2":4,"3":4},"b":{"0":[0,0],"1":[2,0],"2":[4,0],"3":[2,2]},"_coverageSchema":"1a1c01bbd47fc00a2c39e90264f33305004495a9","hash":"5952c4551fe9c02e4b0b6c338d12cc0858acd917"}
,"/mnt/d/development/JefersonCV/choco/packages/keychain/src/index.js": {"path":"/mnt/d/development/JefersonCV/choco/packages/keychain/src/index.js","statementMap":{"0":{"start":{"line":9,"column":14},"end":{"line":9,"column":null}},"1":{"start":{"line":17,"column":2},"end":{"line":18,"column":12}},"2":{"start":{"line":17,"column":36},"end":{"line":17,"column":41}},"3":{"start":{"line":18,"column":7},"end":{"line":18,"column":12}},"4":{"start":{"line":19,"column":2},"end":{"line":19,"column":10}}},"fnMap":{"0":{"name":"index","decl":{"start":{"line":16,"column":15},"end":{"line":16,"column":25}},"loc":{"start":{"line":16,"column":30},"end":{"line":20,"column":null}}}},"branchMap":{"0":{"loc":{"start":{"line":17,"column":2},"end":{"line":18,"column":12}},"type":"if","locations":[{"start":{"line":17,"column":2},"end":{"line":18,"column":12}},{"start":{"line":17,"column":2},"end":{"line":18,"column":12}}]}},"s":{"0":1,"1":100,"2":90,"3":10,"4":100},"f":{"0":100},"b":{"0":[90,10]}}
}
