TN:
SF:packages/algorithm-persistent/src/models/code.js
FNF:0
FNH:0
LF:0
LH:0
BRF:0
BRH:0
end_of_record
TN:
SF:packages/algorithm-persistent/src/models/project.js
FNF:0
FNH:0
LF:0
LH:0
BRF:0
BRH:0
end_of_record
TN:
SF:packages/algorithm-transpiler/src/vector.js
FN:12,(anonymous_0)
FN:28,(anonymous_1)
FN:41,(anonymous_2)
FN:54,(anonymous_3)
FN:60,(anonymous_4)
FN:66,(anonymous_5)
FN:72,(anonymous_6)
FN:78,(anonymous_7)
FNF:8
FNH:0
FNDA:0,(anonymous_0)
FNDA:0,(anonymous_1)
FNDA:0,(anonymous_2)
FNDA:0,(anonymous_3)
FNDA:0,(anonymous_4)
FNDA:0,(anonymous_5)
FNDA:0,(anonymous_6)
FNDA:0,(anonymous_7)
DA:13,0
DA:16,0
DA:19,0
DA:29,0
DA:30,0
DA:31,0
DA:32,0
DA:42,0
DA:43,0
DA:44,0
DA:55,0
DA:60,0
DA:66,0
DA:72,0
DA:78,0
LF:15
LH:0
BRDA:13,0,0,0
BRDA:13,0,1,0
BRDA:13,1,0,0
BRDA:13,1,1,0
BRDA:30,2,0,0
BRDA:30,2,1,0
BRDA:31,3,0,0
BRDA:31,3,1,0
BRDA:31,4,0,0
BRDA:31,4,1,0
BRDA:43,5,0,0
BRDA:43,5,1,0
BRDA:43,6,0,0
BRDA:43,6,1,0
BRF:14
BRH:0
end_of_record
TN:
SF:packages/algorithm/actions/index.js
FNF:0
FNH:0
LF:0
LH:0
BRF:0
BRH:0
end_of_record
TN:
SF:packages/algorithm/actions/tabs.js
FN:26,(anonymous_0)
FN:38,(anonymous_1)
FN:51,(anonymous_2)
FN:65,(anonymous_3)
FN:78,(anonymous_4)
FNF:5
FNH:5
FNDA:2,(anonymous_0)
FNDA:4,(anonymous_1)
FNDA:4,(anonymous_2)
FNDA:4,(anonymous_3)
FNDA:2,(anonymous_4)
DA:26,2
DA:38,4
DA:51,4
DA:65,4
DA:78,2
LF:5
LH:5
BRF:0
BRH:0
end_of_record
TN:
SF:packages/algorithm/actions/variables.js
FN:16,(anonymous_0)
FN:34,(anonymous_1)
FNF:2
FNH:2
FNDA:7,(anonymous_0)
FNDA:3,(anonymous_1)
DA:16,7
DA:34,3
LF:2
LH:2
BRF:0
BRH:0
end_of_record
TN:
SF:packages/algorithm/globals/routes.js
FNF:0
FNH:0
DA:1,1
DA:2,1
DA:3,1
LF:3
LH:3
BRF:0
BRH:0
end_of_record
TN:
SF:packages/algorithm/reducers/variables.js
FN:13,reducer
FNF:1
FNH:1
FNDA:6,reducer
DA:14,6
DA:16,3
DA:19,1
DA:22,2
LF:4
LH:4
BRDA:13,0,0,1
BRDA:14,1,0,3
BRDA:14,1,1,1
BRDA:14,1,2,2
BRF:4
BRH:4
end_of_record
TN:
SF:packages/components/src/Loading.js
FN:16,Loading
FN:34,(anonymous_1)
FNF:2
FNH:0
FNDA:0,Loading
FNDA:0,(anonymous_1)
DA:17,0
DA:23,1
DA:28,1
DA:34,0
LF:4
LH:2
BRF:0
BRH:0
end_of_record
TN:
SF:packages/css-utils/src/css-utils.js
FN:7,getVar
FN:20,setVar
FN:30,camelCaseToCssVariable
FN:31,(anonymous_3)
FNF:4
FNH:1
FNDA:1,getVar
FNDA:0,setVar
FNDA:0,camelCaseToCssVariable
FNDA:0,(anonymous_3)
DA:8,1
DA:9,1
DA:21,0
DA:22,0
DA:31,0
LF:5
LH:2
BRDA:8,0,0,0
BRDA:8,0,1,1
BRDA:21,1,0,0
BRDA:21,1,1,0
BRF:4
BRH:1
end_of_record
TN:
SF:packages/env/src/index.js
FNF:0
FNH:0
DA:10,1
LF:1
LH:1
BRF:0
BRH:0
end_of_record
TN:
SF:packages/i18n/src/index.js
FN:28,setLang
FN:41,all
FN:54,one
FN:69,set
FNF:4
FNH:4
FNDA:2,setLang
FNDA:2,all
FNDA:4,one
FNDA:4,set
DA:1,1
DA:9,1
DA:10,1
DA:12,1
DA:13,1
DA:29,2
DA:42,2
DA:55,4
DA:70,4
DA:71,4
LF:10
LH:10
BRDA:13,0,0,0
BRDA:13,0,1,0
BRDA:42,1,0,2
BRDA:42,1,1,0
BRDA:55,2,0,4
BRDA:55,2,1,0
BRDA:70,3,0,2
BRDA:70,3,1,2
BRF:8
BRH:4
end_of_record
TN:
SF:packages/keychain/src/index.js
FN:16,index
FNF:1
FNH:1
FNDA:100,index
DA:9,1
DA:17,100
DA:18,10
DA:19,100
LF:4
LH:4
BRDA:17,0,0,90
BRDA:17,0,1,10
BRF:2
BRH:2
end_of_record
